2018-10-07 17:20:23,462 [Worker-5] INFO  o.e.m.c.i.p.ProjectConfigurationManager - Collecting project info '/pom.xml' D:\POMAppiumFramework\AppiumFramework\pom.xml
2018-10-07 17:20:30,713 [Worker-5] INFO  o.e.m.c.i.l.LifecycleMappingFactory - Using org.eclipse.m2e.jdt.JarLifecycleMapping lifecycle mapping for MavenProject: POMobileAutomation:AppiumFramework:0.0.1-SNAPSHOT @ D:\POMAppiumFramework\AppiumFramework\pom.xml.
2018-10-07 17:20:33,613 [Worker-5] INFO  o.e.m.j.i.AbstractJavaProjectConfigurator - Adding source folder /AppiumFramework/src/main/java
2018-10-07 17:20:33,652 [Worker-5] INFO  o.e.m.j.i.AbstractJavaProjectConfigurator - Adding source folder /AppiumFramework/src/test/java
2018-10-07 17:20:37,823 [Worker-5] INFO  o.e.m.c.i.p.ProjectConfigurationManager - Imported and configured 1 project(s) in 14 sec
2018-10-07 17:20:39,866 [Worker-4] INFO  o.e.m.c.i.embedder.EclipseLogger - Using 'UTF-8' encoding to copy filtered resources.
2018-10-07 17:20:39,868 [Worker-4] INFO  o.e.m.c.i.embedder.EclipseLogger - skip non existing resourceDirectory D:\POMAppiumFramework\AppiumFramework\src\main\resources
2018-10-07 17:20:39,876 [Worker-4] INFO  o.e.m.c.i.embedder.EclipseLogger - Using 'UTF-8' encoding to copy filtered resources.
2018-10-07 17:20:39,876 [Worker-4] INFO  o.e.m.c.i.embedder.EclipseLogger - skip non existing resourceDirectory D:\POMAppiumFramework\AppiumFramework\src\test\resources
2018-10-07 17:21:24,540 [Worker-9] INFO  o.e.m.c.i.embedder.EclipseLogger - Using 'UTF-8' encoding to copy filtered resources.
2018-10-07 17:21:24,541 [Worker-9] INFO  o.e.m.c.i.embedder.EclipseLogger - skip non existing resourceDirectory D:\POMAppiumFramework\AppiumFramework\src\main\resources
2018-10-07 17:21:24,546 [Worker-9] INFO  o.e.m.c.i.embedder.EclipseLogger - Using 'UTF-8' encoding to copy filtered resources.
2018-10-07 17:21:24,547 [Worker-9] INFO  o.e.m.c.i.embedder.EclipseLogger - skip non existing resourceDirectory D:\POMAppiumFramework\AppiumFramework\src\test\resources
2018-10-07 17:21:30,888 [Worker-7] INFO  o.e.m.c.i.embedder.EclipseLogger - Using 'UTF-8' encoding to copy filtered resources.
2018-10-07 17:21:30,889 [Worker-7] INFO  o.e.m.c.i.embedder.EclipseLogger - skip non existing resourceDirectory D:\POMAppiumFramework\AppiumFramework\src\main\resources
2018-10-07 17:21:30,894 [Worker-7] INFO  o.e.m.c.i.embedder.EclipseLogger - Using 'UTF-8' encoding to copy filtered resources.
2018-10-07 17:21:30,895 [Worker-7] INFO  o.e.m.c.i.embedder.EclipseLogger - skip non existing resourceDirectory D:\POMAppiumFramework\AppiumFramework\src\test\resources
2018-10-07 17:23:04,413 [Worker-6] INFO  o.e.m.c.i.l.LifecycleMappingFactory - Using org.eclipse.m2e.jdt.JarLifecycleMapping lifecycle mapping for MavenProject: POMobileAutomation:AppiumFramework:0.0.1-SNAPSHOT @ D:\POMAppiumFramework\AppiumFramework\pom.xml.
2018-10-07 17:23:13,342 [Worker-6] INFO  o.e.m.c.i.embedder.EclipseLogger - Using 'UTF-8' encoding to copy filtered resources.
2018-10-07 17:23:13,343 [Worker-6] INFO  o.e.m.c.i.embedder.EclipseLogger - skip non existing resourceDirectory D:\POMAppiumFramework\AppiumFramework\src\main\resources
2018-10-07 17:23:13,350 [Worker-6] INFO  o.e.m.c.i.embedder.EclipseLogger - Using 'UTF-8' encoding to copy filtered resources.
2018-10-07 17:23:13,351 [Worker-6] INFO  o.e.m.c.i.embedder.EclipseLogger - skip non existing resourceDirectory D:\POMAppiumFramework\AppiumFramework\src\test\resources
2018-10-07 17:23:20,021 [Worker-12] INFO  o.e.m.c.i.embedder.EclipseLogger - Using 'UTF-8' encoding to copy filtered resources.
2018-10-07 17:23:20,022 [Worker-12] INFO  o.e.m.c.i.embedder.EclipseLogger - skip non existing resourceDirectory D:\POMAppiumFramework\AppiumFramework\src\main\resources
2018-10-07 17:23:20,026 [Worker-12] INFO  o.e.m.c.i.embedder.EclipseLogger - Using 'UTF-8' encoding to copy filtered resources.
2018-10-07 17:23:20,027 [Worker-12] INFO  o.e.m.c.i.embedder.EclipseLogger - skip non existing resourceDirectory D:\POMAppiumFramework\AppiumFramework\src\test\resources
2018-10-07 17:23:36,740 [Worker-1] INFO  o.e.m.c.i.p.ProjectConfigurationManager - Update started
2018-10-07 17:23:40,295 [Worker-1] INFO  o.e.m.c.i.l.LifecycleMappingFactory - Using org.eclipse.m2e.jdt.JarLifecycleMapping lifecycle mapping for MavenProject: POMobileAutomation:AppiumFramework:0.0.1-SNAPSHOT @ D:\POMAppiumFramework\AppiumFramework\pom.xml.
2018-10-07 17:23:44,699 [Worker-1] INFO  o.e.m.j.i.AbstractJavaProjectConfigurator - Adding source folder /AppiumFramework/src/main/java
2018-10-07 17:23:44,702 [Worker-1] INFO  o.e.m.j.i.AbstractJavaProjectConfigurator - Adding source folder /AppiumFramework/src/test/java
2018-10-07 17:23:45,941 [Worker-1] INFO  o.e.m.c.i.p.ProjectConfigurationManager - Update completed: 9 sec
2018-10-07 17:23:47,323 [Worker-8] INFO  o.e.m.c.i.embedder.EclipseLogger - Using 'UTF-8' encoding to copy filtered resources.
2018-10-07 17:23:47,323 [Worker-8] INFO  o.e.m.c.i.embedder.EclipseLogger - skip non existing resourceDirectory D:\POMAppiumFramework\AppiumFramework\src\main\resources
2018-10-07 17:23:47,327 [Worker-8] INFO  o.e.m.c.i.embedder.EclipseLogger - Using 'UTF-8' encoding to copy filtered resources.
2018-10-07 17:23:47,328 [Worker-8] INFO  o.e.m.c.i.embedder.EclipseLogger - skip non existing resourceDirectory D:\POMAppiumFramework\AppiumFramework\src\test\resources
2018-10-07 17:24:08,544 [Worker-14] INFO  o.e.m.c.i.embedder.EclipseLogger - Using 'UTF-8' encoding to copy filtered resources.
2018-10-07 17:24:08,545 [Worker-14] INFO  o.e.m.c.i.embedder.EclipseLogger - skip non existing resourceDirectory D:\POMAppiumFramework\AppiumFramework\src\main\resources
2018-10-07 17:24:08,549 [Worker-14] INFO  o.e.m.c.i.embedder.EclipseLogger - Using 'UTF-8' encoding to copy filtered resources.
2018-10-07 17:24:08,552 [Worker-14] INFO  o.e.m.c.i.embedder.EclipseLogger - skip non existing resourceDirectory D:\POMAppiumFramework\AppiumFramework\src\test\resources
2018-10-07 17:24:22,454 [Worker-1] INFO  o.e.m.c.i.embedder.EclipseLogger - Using 'UTF-8' encoding to copy filtered resources.
2018-10-07 17:24:22,455 [Worker-1] INFO  o.e.m.c.i.embedder.EclipseLogger - skip non existing resourceDirectory D:\POMAppiumFramework\AppiumFramework\src\main\resources
2018-10-07 17:24:22,459 [Worker-1] INFO  o.e.m.c.i.embedder.EclipseLogger - Using 'UTF-8' encoding to copy filtered resources.
2018-10-07 17:24:22,460 [Worker-1] INFO  o.e.m.c.i.embedder.EclipseLogger - skip non existing resourceDirectory D:\POMAppiumFramework\AppiumFramework\src\test\resources
2018-10-07 17:24:45,473 [Worker-14] INFO  o.e.m.c.i.embedder.EclipseLogger - Using 'UTF-8' encoding to copy filtered resources.
2018-10-07 17:24:45,474 [Worker-14] INFO  o.e.m.c.i.embedder.EclipseLogger - skip non existing resourceDirectory D:\POMAppiumFramework\AppiumFramework\src\main\resources
2018-10-07 17:24:45,480 [Worker-14] INFO  o.e.m.c.i.embedder.EclipseLogger - Using 'UTF-8' encoding to copy filtered resources.
2018-10-07 17:24:45,481 [Worker-14] INFO  o.e.m.c.i.embedder.EclipseLogger - skip non existing resourceDirectory D:\POMAppiumFramework\AppiumFramework\src\test\resources
2018-10-07 17:24:51,222 [Worker-10] INFO  o.e.m.c.i.embedder.EclipseLogger - Using 'UTF-8' encoding to copy filtered resources.
2018-10-07 17:24:51,224 [Worker-10] INFO  o.e.m.c.i.embedder.EclipseLogger - skip non existing resourceDirectory D:\POMAppiumFramework\AppiumFramework\src\main\resources
2018-10-07 17:24:51,229 [Worker-10] INFO  o.e.m.c.i.embedder.EclipseLogger - Using 'UTF-8' encoding to copy filtered resources.
2018-10-07 17:24:51,230 [Worker-10] INFO  o.e.m.c.i.embedder.EclipseLogger - skip non existing resourceDirectory D:\POMAppiumFramework\AppiumFramework\src\test\resources
2018-10-07 17:25:34,922 [Worker-1] INFO  o.e.m.c.i.embedder.EclipseLogger - Using 'UTF-8' encoding to copy filtered resources.
2018-10-07 17:25:34,923 [Worker-1] INFO  o.e.m.c.i.embedder.EclipseLogger - skip non existing resourceDirectory D:\POMAppiumFramework\AppiumFramework\src\main\resources
2018-10-07 17:25:34,927 [Worker-1] INFO  o.e.m.c.i.embedder.EclipseLogger - Using 'UTF-8' encoding to copy filtered resources.
2018-10-07 17:25:34,928 [Worker-1] INFO  o.e.m.c.i.embedder.EclipseLogger - skip non existing resourceDirectory D:\POMAppiumFramework\AppiumFramework\src\test\resources
2018-10-07 17:26:38,458 [Worker-8] INFO  o.e.m.c.i.embedder.EclipseLogger - Using 'UTF-8' encoding to copy filtered resources.
2018-10-07 17:26:38,459 [Worker-8] INFO  o.e.m.c.i.embedder.EclipseLogger - skip non existing resourceDirectory D:\POMAppiumFramework\AppiumFramework\src\main\resources
2018-10-07 17:26:38,463 [Worker-8] INFO  o.e.m.c.i.embedder.EclipseLogger - Using 'UTF-8' encoding to copy filtered resources.
2018-10-07 17:26:38,464 [Worker-8] INFO  o.e.m.c.i.embedder.EclipseLogger - skip non existing resourceDirectory D:\POMAppiumFramework\AppiumFramework\src\test\resources
2018-10-07 17:27:17,744 [Worker-10] INFO  o.e.m.c.i.embedder.EclipseLogger - Using 'UTF-8' encoding to copy filtered resources.
2018-10-07 17:27:17,745 [Worker-10] INFO  o.e.m.c.i.embedder.EclipseLogger - skip non existing resourceDirectory D:\POMAppiumFramework\AppiumFramework\src\main\resources
2018-10-07 17:27:17,753 [Worker-10] INFO  o.e.m.c.i.embedder.EclipseLogger - Using 'UTF-8' encoding to copy filtered resources.
2018-10-07 17:27:17,754 [Worker-10] INFO  o.e.m.c.i.embedder.EclipseLogger - skip non existing resourceDirectory D:\POMAppiumFramework\AppiumFramework\src\test\resources
2018-10-07 17:27:33,471 [Worker-3] INFO  o.e.m.c.i.embedder.EclipseLogger - Using 'UTF-8' encoding to copy filtered resources.
2018-10-07 17:27:33,473 [Worker-3] INFO  o.e.m.c.i.embedder.EclipseLogger - skip non existing resourceDirectory D:\POMAppiumFramework\AppiumFramework\src\main\resources
2018-10-07 17:27:33,478 [Worker-3] INFO  o.e.m.c.i.embedder.EclipseLogger - Using 'UTF-8' encoding to copy filtered resources.
2018-10-07 17:27:33,479 [Worker-3] INFO  o.e.m.c.i.embedder.EclipseLogger - skip non existing resourceDirectory D:\POMAppiumFramework\AppiumFramework\src\test\resources
2018-10-07 17:28:06,640 [Worker-11] INFO  o.e.m.c.i.embedder.EclipseLogger - Using 'UTF-8' encoding to copy filtered resources.
2018-10-07 17:28:06,642 [Worker-11] INFO  o.e.m.c.i.embedder.EclipseLogger - skip non existing resourceDirectory D:\POMAppiumFramework\AppiumFramework\src\main\resources
2018-10-07 17:28:06,651 [Worker-11] INFO  o.e.m.c.i.embedder.EclipseLogger - Using 'UTF-8' encoding to copy filtered resources.
2018-10-07 17:28:06,653 [Worker-11] INFO  o.e.m.c.i.embedder.EclipseLogger - skip non existing resourceDirectory D:\POMAppiumFramework\AppiumFramework\src\test\resources
2018-10-07 17:28:19,220 [Worker-5] INFO  o.e.m.c.i.embedder.EclipseLogger - Using 'UTF-8' encoding to copy filtered resources.
2018-10-07 17:28:19,221 [Worker-5] INFO  o.e.m.c.i.embedder.EclipseLogger - skip non existing resourceDirectory D:\POMAppiumFramework\AppiumFramework\src\main\resources
2018-10-07 17:28:19,228 [Worker-5] INFO  o.e.m.c.i.embedder.EclipseLogger - Using 'UTF-8' encoding to copy filtered resources.
2018-10-07 17:28:19,229 [Worker-5] INFO  o.e.m.c.i.embedder.EclipseLogger - skip non existing resourceDirectory D:\POMAppiumFramework\AppiumFramework\src\test\resources
2018-10-07 17:28:31,746 [Worker-0] INFO  o.e.m.c.i.embedder.EclipseLogger - Using 'UTF-8' encoding to copy filtered resources.
2018-10-07 17:28:31,748 [Worker-0] INFO  o.e.m.c.i.embedder.EclipseLogger - skip non existing resourceDirectory D:\POMAppiumFramework\AppiumFramework\src\main\resources
2018-10-07 17:28:31,760 [Worker-0] INFO  o.e.m.c.i.embedder.EclipseLogger - Using 'UTF-8' encoding to copy filtered resources.
2018-10-07 17:28:31,762 [Worker-0] INFO  o.e.m.c.i.embedder.EclipseLogger - skip non existing resourceDirectory D:\POMAppiumFramework\AppiumFramework\src\test\resources
2018-10-07 17:28:52,026 [Worker-1] INFO  o.e.m.c.i.embedder.EclipseLogger - Using 'UTF-8' encoding to copy filtered resources.
2018-10-07 17:28:52,027 [Worker-1] INFO  o.e.m.c.i.embedder.EclipseLogger - skip non existing resourceDirectory D:\POMAppiumFramework\AppiumFramework\src\main\resources
2018-10-07 17:28:52,031 [Worker-1] INFO  o.e.m.c.i.embedder.EclipseLogger - Using 'UTF-8' encoding to copy filtered resources.
2018-10-07 17:28:52,033 [Worker-1] INFO  o.e.m.c.i.embedder.EclipseLogger - skip non existing resourceDirectory D:\POMAppiumFramework\AppiumFramework\src\test\resources
2018-10-07 17:30:12,210 [Worker-0] INFO  o.e.m.c.i.embedder.EclipseLogger - Using 'UTF-8' encoding to copy filtered resources.
2018-10-07 17:30:12,211 [Worker-0] INFO  o.e.m.c.i.embedder.EclipseLogger - skip non existing resourceDirectory D:\POMAppiumFramework\AppiumFramework\src\main\resources
2018-10-07 17:30:12,219 [Worker-0] INFO  o.e.m.c.i.embedder.EclipseLogger - Using 'UTF-8' encoding to copy filtered resources.
2018-10-07 17:30:12,220 [Worker-0] INFO  o.e.m.c.i.embedder.EclipseLogger - skip non existing resourceDirectory D:\POMAppiumFramework\AppiumFramework\src\test\resources
2018-10-07 17:32:50,272 [Worker-0] INFO  o.e.m.c.i.embedder.EclipseLogger - Using 'UTF-8' encoding to copy filtered resources.
2018-10-07 17:32:50,273 [Worker-0] INFO  o.e.m.c.i.embedder.EclipseLogger - skip non existing resourceDirectory D:\POMAppiumFramework\AppiumFramework\src\main\resources
2018-10-07 17:32:50,282 [Worker-0] INFO  o.e.m.c.i.embedder.EclipseLogger - Using 'UTF-8' encoding to copy filtered resources.
2018-10-07 17:32:50,283 [Worker-0] INFO  o.e.m.c.i.embedder.EclipseLogger - skip non existing resourceDirectory D:\POMAppiumFramework\AppiumFramework\src\test\resources
2018-10-07 17:32:57,927 [Worker-2] INFO  o.e.m.c.i.embedder.EclipseLogger - Using 'UTF-8' encoding to copy filtered resources.
2018-10-07 17:32:57,928 [Worker-2] INFO  o.e.m.c.i.embedder.EclipseLogger - skip non existing resourceDirectory D:\POMAppiumFramework\AppiumFramework\src\main\resources
2018-10-07 17:32:57,939 [Worker-2] INFO  o.e.m.c.i.embedder.EclipseLogger - Using 'UTF-8' encoding to copy filtered resources.
2018-10-07 17:32:57,940 [Worker-2] INFO  o.e.m.c.i.embedder.EclipseLogger - skip non existing resourceDirectory D:\POMAppiumFramework\AppiumFramework\src\test\resources
2018-10-07 17:33:14,065 [Worker-7] INFO  o.e.m.c.i.embedder.EclipseLogger - Using 'UTF-8' encoding to copy filtered resources.
2018-10-07 17:33:14,067 [Worker-7] INFO  o.e.m.c.i.embedder.EclipseLogger - skip non existing resourceDirectory D:\POMAppiumFramework\AppiumFramework\src\main\resources
2018-10-07 17:33:14,074 [Worker-7] INFO  o.e.m.c.i.embedder.EclipseLogger - Using 'UTF-8' encoding to copy filtered resources.
2018-10-07 17:33:14,075 [Worker-7] INFO  o.e.m.c.i.embedder.EclipseLogger - skip non existing resourceDirectory D:\POMAppiumFramework\AppiumFramework\src\test\resources
2018-10-07 17:35:21,720 [Worker-5] INFO  o.e.m.c.i.embedder.EclipseLogger - Using 'UTF-8' encoding to copy filtered resources.
2018-10-07 17:35:21,722 [Worker-5] INFO  o.e.m.c.i.embedder.EclipseLogger - skip non existing resourceDirectory D:\POMAppiumFramework\AppiumFramework\src\main\resources
2018-10-07 17:35:21,726 [Worker-5] INFO  o.e.m.c.i.embedder.EclipseLogger - Using 'UTF-8' encoding to copy filtered resources.
2018-10-07 17:35:21,727 [Worker-5] INFO  o.e.m.c.i.embedder.EclipseLogger - skip non existing resourceDirectory D:\POMAppiumFramework\AppiumFramework\src\test\resources
2018-10-07 17:37:11,304 [Worker-2] INFO  o.e.m.c.i.embedder.EclipseLogger - Using 'UTF-8' encoding to copy filtered resources.
2018-10-07 17:37:11,306 [Worker-2] INFO  o.e.m.c.i.embedder.EclipseLogger - skip non existing resourceDirectory D:\POMAppiumFramework\AppiumFramework\src\main\resources
2018-10-07 17:37:11,311 [Worker-2] INFO  o.e.m.c.i.embedder.EclipseLogger - Using 'UTF-8' encoding to copy filtered resources.
2018-10-07 17:37:11,312 [Worker-2] INFO  o.e.m.c.i.embedder.EclipseLogger - skip non existing resourceDirectory D:\POMAppiumFramework\AppiumFramework\src\test\resources
2018-10-07 17:37:21,776 [Worker-5] INFO  o.e.m.c.i.embedder.EclipseLogger - Using 'UTF-8' encoding to copy filtered resources.
2018-10-07 17:37:21,777 [Worker-5] INFO  o.e.m.c.i.embedder.EclipseLogger - skip non existing resourceDirectory D:\POMAppiumFramework\AppiumFramework\src\main\resources
2018-10-07 17:37:21,782 [Worker-5] INFO  o.e.m.c.i.embedder.EclipseLogger - Using 'UTF-8' encoding to copy filtered resources.
2018-10-07 17:37:21,783 [Worker-5] INFO  o.e.m.c.i.embedder.EclipseLogger - skip non existing resourceDirectory D:\POMAppiumFramework\AppiumFramework\src\test\resources
2018-10-07 17:38:26,237 [Worker-8] INFO  o.e.m.c.i.embedder.EclipseLogger - Using 'UTF-8' encoding to copy filtered resources.
2018-10-07 17:38:26,238 [Worker-8] INFO  o.e.m.c.i.embedder.EclipseLogger - skip non existing resourceDirectory D:\POMAppiumFramework\AppiumFramework\src\main\resources
2018-10-07 17:38:26,242 [Worker-8] INFO  o.e.m.c.i.embedder.EclipseLogger - Using 'UTF-8' encoding to copy filtered resources.
2018-10-07 17:38:26,244 [Worker-8] INFO  o.e.m.c.i.embedder.EclipseLogger - skip non existing resourceDirectory D:\POMAppiumFramework\AppiumFramework\src\test\resources
2018-10-07 17:39:16,507 [Worker-1] INFO  o.e.m.c.i.embedder.EclipseLogger - Using 'UTF-8' encoding to copy filtered resources.
2018-10-07 17:39:16,508 [Worker-1] INFO  o.e.m.c.i.embedder.EclipseLogger - skip non existing resourceDirectory D:\POMAppiumFramework\AppiumFramework\src\main\resources
2018-10-07 17:39:16,511 [Worker-1] INFO  o.e.m.c.i.embedder.EclipseLogger - Using 'UTF-8' encoding to copy filtered resources.
2018-10-07 17:39:16,512 [Worker-1] INFO  o.e.m.c.i.embedder.EclipseLogger - skip non existing resourceDirectory D:\POMAppiumFramework\AppiumFramework\src\test\resources
2018-10-07 17:45:36,190 [Worker-2] INFO  o.e.m.c.i.embedder.EclipseLogger - Using 'UTF-8' encoding to copy filtered resources.
2018-10-07 17:45:36,191 [Worker-2] INFO  o.e.m.c.i.embedder.EclipseLogger - skip non existing resourceDirectory D:\POMAppiumFramework\AppiumFramework\src\main\resources
2018-10-07 17:45:36,195 [Worker-2] INFO  o.e.m.c.i.embedder.EclipseLogger - Using 'UTF-8' encoding to copy filtered resources.
2018-10-07 17:45:36,196 [Worker-2] INFO  o.e.m.c.i.embedder.EclipseLogger - skip non existing resourceDirectory D:\POMAppiumFramework\AppiumFramework\src\test\resources
2018-10-07 17:47:25,683 [Worker-17] INFO  o.e.m.c.i.embedder.EclipseLogger - Using 'UTF-8' encoding to copy filtered resources.
2018-10-07 17:47:25,683 [Worker-17] INFO  o.e.m.c.i.embedder.EclipseLogger - skip non existing resourceDirectory D:\POMAppiumFramework\AppiumFramework\src\main\resources
2018-10-07 17:47:25,683 [Worker-17] INFO  o.e.m.c.i.embedder.EclipseLogger - Using 'UTF-8' encoding to copy filtered resources.
2018-10-07 17:47:25,683 [Worker-17] INFO  o.e.m.c.i.embedder.EclipseLogger - skip non existing resourceDirectory D:\POMAppiumFramework\AppiumFramework\src\test\resources
2018-10-07 17:47:36,215 [Worker-2] INFO  o.e.m.c.i.embedder.EclipseLogger - Using 'UTF-8' encoding to copy filtered resources.
2018-10-07 17:47:36,215 [Worker-2] INFO  o.e.m.c.i.embedder.EclipseLogger - skip non existing resourceDirectory D:\POMAppiumFramework\AppiumFramework\src\main\resources
2018-10-07 17:47:36,215 [Worker-2] INFO  o.e.m.c.i.embedder.EclipseLogger - Using 'UTF-8' encoding to copy filtered resources.
2018-10-07 17:47:36,230 [Worker-2] INFO  o.e.m.c.i.embedder.EclipseLogger - skip non existing resourceDirectory D:\POMAppiumFramework\AppiumFramework\src\test\resources
2018-10-07 17:48:25,935 [Worker-14] INFO  o.e.m.c.i.embedder.EclipseLogger - Using 'UTF-8' encoding to copy filtered resources.
2018-10-07 17:48:25,935 [Worker-14] INFO  o.e.m.c.i.embedder.EclipseLogger - skip non existing resourceDirectory D:\POMAppiumFramework\AppiumFramework\src\main\resources
2018-10-07 17:48:25,935 [Worker-14] INFO  o.e.m.c.i.embedder.EclipseLogger - Using 'UTF-8' encoding to copy filtered resources.
2018-10-07 17:48:25,935 [Worker-14] INFO  o.e.m.c.i.embedder.EclipseLogger - skip non existing resourceDirectory D:\POMAppiumFramework\AppiumFramework\src\test\resources
2018-10-07 17:48:44,213 [Worker-2] INFO  o.e.m.c.i.embedder.EclipseLogger - Using 'UTF-8' encoding to copy filtered resources.
2018-10-07 17:48:44,215 [Worker-2] INFO  o.e.m.c.i.embedder.EclipseLogger - skip non existing resourceDirectory D:\POMAppiumFramework\AppiumFramework\src\main\resources
2018-10-07 17:48:44,220 [Worker-2] INFO  o.e.m.c.i.embedder.EclipseLogger - Using 'UTF-8' encoding to copy filtered resources.
2018-10-07 17:48:44,246 [Worker-2] INFO  o.e.m.c.i.embedder.EclipseLogger - skip non existing resourceDirectory D:\POMAppiumFramework\AppiumFramework\src\test\resources
2018-10-07 17:48:50,276 [Worker-15] INFO  o.e.m.c.i.embedder.EclipseLogger - Using 'UTF-8' encoding to copy filtered resources.
2018-10-07 17:48:50,276 [Worker-15] INFO  o.e.m.c.i.embedder.EclipseLogger - skip non existing resourceDirectory D:\POMAppiumFramework\AppiumFramework\src\main\resources
2018-10-07 17:48:50,276 [Worker-15] INFO  o.e.m.c.i.embedder.EclipseLogger - Using 'UTF-8' encoding to copy filtered resources.
2018-10-07 17:48:50,276 [Worker-15] INFO  o.e.m.c.i.embedder.EclipseLogger - skip non existing resourceDirectory D:\POMAppiumFramework\AppiumFramework\src\test\resources
2018-10-07 17:50:03,986 [Worker-19] INFO  o.e.m.c.i.embedder.EclipseLogger - Using 'UTF-8' encoding to copy filtered resources.
2018-10-07 17:50:04,002 [Worker-19] INFO  o.e.m.c.i.embedder.EclipseLogger - skip non existing resourceDirectory D:\POMAppiumFramework\AppiumFramework\src\main\resources
2018-10-07 17:50:04,002 [Worker-19] INFO  o.e.m.c.i.embedder.EclipseLogger - Using 'UTF-8' encoding to copy filtered resources.
2018-10-07 17:50:04,002 [Worker-19] INFO  o.e.m.c.i.embedder.EclipseLogger - skip non existing resourceDirectory D:\POMAppiumFramework\AppiumFramework\src\test\resources
2018-10-07 17:50:09,518 [Worker-17] INFO  o.e.m.c.i.embedder.EclipseLogger - Using 'UTF-8' encoding to copy filtered resources.
2018-10-07 17:50:09,518 [Worker-17] INFO  o.e.m.c.i.embedder.EclipseLogger - skip non existing resourceDirectory D:\POMAppiumFramework\AppiumFramework\src\main\resources
2018-10-07 17:50:09,518 [Worker-17] INFO  o.e.m.c.i.embedder.EclipseLogger - Using 'UTF-8' encoding to copy filtered resources.
2018-10-07 17:50:09,518 [Worker-17] INFO  o.e.m.c.i.embedder.EclipseLogger - skip non existing resourceDirectory D:\POMAppiumFramework\AppiumFramework\src\test\resources
2018-10-07 17:50:23,518 [Worker-16] INFO  o.e.m.c.i.embedder.EclipseLogger - Using 'UTF-8' encoding to copy filtered resources.
2018-10-07 17:50:23,534 [Worker-16] INFO  o.e.m.c.i.embedder.EclipseLogger - skip non existing resourceDirectory D:\POMAppiumFramework\AppiumFramework\src\main\resources
2018-10-07 17:50:23,534 [Worker-16] INFO  o.e.m.c.i.embedder.EclipseLogger - Using 'UTF-8' encoding to copy filtered resources.
2018-10-07 17:50:23,534 [Worker-16] INFO  o.e.m.c.i.embedder.EclipseLogger - skip non existing resourceDirectory D:\POMAppiumFramework\AppiumFramework\src\test\resources
2018-10-07 17:50:29,891 [Worker-16] INFO  o.e.m.c.i.embedder.EclipseLogger - Using 'UTF-8' encoding to copy filtered resources.
2018-10-07 17:50:29,891 [Worker-16] INFO  o.e.m.c.i.embedder.EclipseLogger - skip non existing resourceDirectory D:\POMAppiumFramework\AppiumFramework\src\main\resources
2018-10-07 17:50:29,891 [Worker-16] INFO  o.e.m.c.i.embedder.EclipseLogger - Using 'UTF-8' encoding to copy filtered resources.
2018-10-07 17:50:29,891 [Worker-16] INFO  o.e.m.c.i.embedder.EclipseLogger - skip non existing resourceDirectory D:\POMAppiumFramework\AppiumFramework\src\test\resources
2018-10-07 17:50:38,798 [Worker-17] INFO  o.e.m.c.i.embedder.EclipseLogger - Using 'UTF-8' encoding to copy filtered resources.
2018-10-07 17:50:38,798 [Worker-17] INFO  o.e.m.c.i.embedder.EclipseLogger - skip non existing resourceDirectory D:\POMAppiumFramework\AppiumFramework\src\main\resources
2018-10-07 17:50:38,798 [Worker-17] INFO  o.e.m.c.i.embedder.EclipseLogger - Using 'UTF-8' encoding to copy filtered resources.
2018-10-07 17:50:38,798 [Worker-17] INFO  o.e.m.c.i.embedder.EclipseLogger - skip non existing resourceDirectory D:\POMAppiumFramework\AppiumFramework\src\test\resources
2018-10-07 17:50:43,571 [Worker-19] INFO  o.e.m.c.i.embedder.EclipseLogger - Using 'UTF-8' encoding to copy filtered resources.
2018-10-07 17:50:43,571 [Worker-19] INFO  o.e.m.c.i.embedder.EclipseLogger - skip non existing resourceDirectory D:\POMAppiumFramework\AppiumFramework\src\main\resources
2018-10-07 17:50:43,571 [Worker-19] INFO  o.e.m.c.i.embedder.EclipseLogger - Using 'UTF-8' encoding to copy filtered resources.
2018-10-07 17:50:43,587 [Worker-19] INFO  o.e.m.c.i.embedder.EclipseLogger - skip non existing resourceDirectory D:\POMAppiumFramework\AppiumFramework\src\test\resources
2018-10-07 17:50:49,037 [Worker-19] INFO  o.e.m.c.i.embedder.EclipseLogger - Using 'UTF-8' encoding to copy filtered resources.
2018-10-07 17:50:49,038 [Worker-19] INFO  o.e.m.c.i.embedder.EclipseLogger - skip non existing resourceDirectory D:\POMAppiumFramework\AppiumFramework\src\main\resources
2018-10-07 17:50:49,041 [Worker-19] INFO  o.e.m.c.i.embedder.EclipseLogger - Using 'UTF-8' encoding to copy filtered resources.
2018-10-07 17:50:49,042 [Worker-19] INFO  o.e.m.c.i.embedder.EclipseLogger - skip non existing resourceDirectory D:\POMAppiumFramework\AppiumFramework\src\test\resources
2018-10-07 17:52:28,873 [Worker-2] INFO  o.e.m.c.i.embedder.EclipseLogger - Using 'UTF-8' encoding to copy filtered resources.
2018-10-07 17:52:28,873 [Worker-2] INFO  o.e.m.c.i.embedder.EclipseLogger - skip non existing resourceDirectory D:\POMAppiumFramework\AppiumFramework\src\main\resources
2018-10-07 17:52:28,873 [Worker-2] INFO  o.e.m.c.i.embedder.EclipseLogger - Using 'UTF-8' encoding to copy filtered resources.
2018-10-07 17:52:28,873 [Worker-2] INFO  o.e.m.c.i.embedder.EclipseLogger - skip non existing resourceDirectory D:\POMAppiumFramework\AppiumFramework\src\test\resources
2018-10-07 17:52:38,773 [Worker-17] INFO  o.e.m.c.i.embedder.EclipseLogger - Using 'UTF-8' encoding to copy filtered resources.
2018-10-07 17:52:38,773 [Worker-17] INFO  o.e.m.c.i.embedder.EclipseLogger - skip non existing resourceDirectory D:\POMAppiumFramework\AppiumFramework\src\main\resources
2018-10-07 17:52:38,773 [Worker-17] INFO  o.e.m.c.i.embedder.EclipseLogger - Using 'UTF-8' encoding to copy filtered resources.
2018-10-07 17:52:38,773 [Worker-17] INFO  o.e.m.c.i.embedder.EclipseLogger - skip non existing resourceDirectory D:\POMAppiumFramework\AppiumFramework\src\test\resources
2018-10-07 17:52:47,449 [Worker-19] INFO  o.e.m.c.i.embedder.EclipseLogger - Using 'UTF-8' encoding to copy filtered resources.
2018-10-07 17:52:47,449 [Worker-19] INFO  o.e.m.c.i.embedder.EclipseLogger - skip non existing resourceDirectory D:\POMAppiumFramework\AppiumFramework\src\main\resources
2018-10-07 17:52:47,465 [Worker-19] INFO  o.e.m.c.i.embedder.EclipseLogger - Using 'UTF-8' encoding to copy filtered resources.
2018-10-07 17:52:47,465 [Worker-19] INFO  o.e.m.c.i.embedder.EclipseLogger - skip non existing resourceDirectory D:\POMAppiumFramework\AppiumFramework\src\test\resources
2018-10-07 17:53:08,820 [Worker-14] INFO  o.e.m.c.i.embedder.EclipseLogger - Using 'UTF-8' encoding to copy filtered resources.
2018-10-07 17:53:08,820 [Worker-14] INFO  o.e.m.c.i.embedder.EclipseLogger - skip non existing resourceDirectory D:\POMAppiumFramework\AppiumFramework\src\main\resources
2018-10-07 17:53:08,820 [Worker-14] INFO  o.e.m.c.i.embedder.EclipseLogger - Using 'UTF-8' encoding to copy filtered resources.
2018-10-07 17:53:08,820 [Worker-14] INFO  o.e.m.c.i.embedder.EclipseLogger - skip non existing resourceDirectory D:\POMAppiumFramework\AppiumFramework\src\test\resources
2018-10-07 17:54:32,339 [Worker-16] INFO  o.e.m.c.i.embedder.EclipseLogger - Using 'UTF-8' encoding to copy filtered resources.
2018-10-07 17:54:32,339 [Worker-16] INFO  o.e.m.c.i.embedder.EclipseLogger - skip non existing resourceDirectory D:\POMAppiumFramework\AppiumFramework\src\main\resources
2018-10-07 17:54:32,339 [Worker-16] INFO  o.e.m.c.i.embedder.EclipseLogger - Using 'UTF-8' encoding to copy filtered resources.
2018-10-07 17:54:32,339 [Worker-16] INFO  o.e.m.c.i.embedder.EclipseLogger - skip non existing resourceDirectory D:\POMAppiumFramework\AppiumFramework\src\test\resources
2018-10-07 17:54:46,641 [Worker-2] INFO  o.e.m.c.i.embedder.EclipseLogger - Using 'UTF-8' encoding to copy filtered resources.
2018-10-07 17:54:46,642 [Worker-2] INFO  o.e.m.c.i.embedder.EclipseLogger - skip non existing resourceDirectory D:\POMAppiumFramework\AppiumFramework\src\main\resources
2018-10-07 17:54:46,646 [Worker-2] INFO  o.e.m.c.i.embedder.EclipseLogger - Using 'UTF-8' encoding to copy filtered resources.
2018-10-07 17:54:46,648 [Worker-2] INFO  o.e.m.c.i.embedder.EclipseLogger - skip non existing resourceDirectory D:\POMAppiumFramework\AppiumFramework\src\test\resources
2018-10-07 17:54:57,821 [Worker-18] INFO  o.e.m.c.i.embedder.EclipseLogger - Using 'UTF-8' encoding to copy filtered resources.
2018-10-07 17:54:57,821 [Worker-18] INFO  o.e.m.c.i.embedder.EclipseLogger - skip non existing resourceDirectory D:\POMAppiumFramework\AppiumFramework\src\main\resources
2018-10-07 17:54:57,821 [Worker-18] INFO  o.e.m.c.i.embedder.EclipseLogger - Using 'UTF-8' encoding to copy filtered resources.
2018-10-07 17:54:57,821 [Worker-18] INFO  o.e.m.c.i.embedder.EclipseLogger - skip non existing resourceDirectory D:\POMAppiumFramework\AppiumFramework\src\test\resources
2018-10-07 18:00:24,428 [Worker-17] INFO  o.e.m.c.i.embedder.EclipseLogger - Using 'UTF-8' encoding to copy filtered resources.
2018-10-07 18:00:24,428 [Worker-17] INFO  o.e.m.c.i.embedder.EclipseLogger - skip non existing resourceDirectory D:\POMAppiumFramework\AppiumFramework\src\main\resources
2018-10-07 18:00:24,428 [Worker-17] INFO  o.e.m.c.i.embedder.EclipseLogger - Using 'UTF-8' encoding to copy filtered resources.
2018-10-07 18:00:24,428 [Worker-17] INFO  o.e.m.c.i.embedder.EclipseLogger - skip non existing resourceDirectory D:\POMAppiumFramework\AppiumFramework\src\test\resources
2018-10-07 18:02:22,773 [Worker-16] INFO  o.e.m.c.i.embedder.EclipseLogger - Using 'UTF-8' encoding to copy filtered resources.
2018-10-07 18:02:22,774 [Worker-16] INFO  o.e.m.c.i.embedder.EclipseLogger - skip non existing resourceDirectory D:\POMAppiumFramework\AppiumFramework\src\main\resources
2018-10-07 18:02:22,776 [Worker-16] INFO  o.e.m.c.i.embedder.EclipseLogger - Using 'UTF-8' encoding to copy filtered resources.
2018-10-07 18:02:22,776 [Worker-16] INFO  o.e.m.c.i.embedder.EclipseLogger - skip non existing resourceDirectory D:\POMAppiumFramework\AppiumFramework\src\test\resources
2018-10-07 18:02:59,662 [Worker-21] INFO  o.e.m.c.i.embedder.EclipseLogger - Using 'UTF-8' encoding to copy filtered resources.
2018-10-07 18:02:59,678 [Worker-21] INFO  o.e.m.c.i.embedder.EclipseLogger - skip non existing resourceDirectory D:\POMAppiumFramework\AppiumFramework\src\main\resources
2018-10-07 18:02:59,678 [Worker-21] INFO  o.e.m.c.i.embedder.EclipseLogger - Using 'UTF-8' encoding to copy filtered resources.
2018-10-07 18:02:59,678 [Worker-21] INFO  o.e.m.c.i.embedder.EclipseLogger - skip non existing resourceDirectory D:\POMAppiumFramework\AppiumFramework\src\test\resources
2018-10-07 18:03:13,149 [Worker-20] INFO  o.e.m.c.i.embedder.EclipseLogger - Using 'UTF-8' encoding to copy filtered resources.
2018-10-07 18:03:13,149 [Worker-20] INFO  o.e.m.c.i.embedder.EclipseLogger - skip non existing resourceDirectory D:\POMAppiumFramework\AppiumFramework\src\main\resources
2018-10-07 18:03:13,165 [Worker-20] INFO  o.e.m.c.i.embedder.EclipseLogger - Using 'UTF-8' encoding to copy filtered resources.
2018-10-07 18:03:13,165 [Worker-20] INFO  o.e.m.c.i.embedder.EclipseLogger - skip non existing resourceDirectory D:\POMAppiumFramework\AppiumFramework\src\test\resources
2018-10-07 18:10:08,429 [Worker-16] INFO  o.e.m.c.i.embedder.EclipseLogger - Using 'UTF-8' encoding to copy filtered resources.
2018-10-07 18:10:08,431 [Worker-16] INFO  o.e.m.c.i.embedder.EclipseLogger - skip non existing resourceDirectory D:\POMAppiumFramework\AppiumFramework\src\main\resources
2018-10-07 18:10:08,433 [Worker-16] INFO  o.e.m.c.i.embedder.EclipseLogger - Using 'UTF-8' encoding to copy filtered resources.
2018-10-07 18:10:08,434 [Worker-16] INFO  o.e.m.c.i.embedder.EclipseLogger - skip non existing resourceDirectory D:\POMAppiumFramework\AppiumFramework\src\test\resources
2018-10-07 18:11:17,732 [Worker-5] INFO  o.e.m.c.i.embedder.EclipseLogger - Using 'UTF-8' encoding to copy filtered resources.
2018-10-07 18:11:17,733 [Worker-5] INFO  o.e.m.c.i.embedder.EclipseLogger - skip non existing resourceDirectory D:\POMAppiumFramework\AppiumFramework\src\main\resources
2018-10-07 18:11:17,738 [Worker-5] INFO  o.e.m.c.i.embedder.EclipseLogger - Using 'UTF-8' encoding to copy filtered resources.
2018-10-07 18:11:17,739 [Worker-5] INFO  o.e.m.c.i.embedder.EclipseLogger - skip non existing resourceDirectory D:\POMAppiumFramework\AppiumFramework\src\test\resources
2018-10-07 18:11:42,108 [Worker-16] INFO  o.e.m.c.i.embedder.EclipseLogger - Using 'UTF-8' encoding to copy filtered resources.
2018-10-07 18:11:42,109 [Worker-16] INFO  o.e.m.c.i.embedder.EclipseLogger - skip non existing resourceDirectory D:\POMAppiumFramework\AppiumFramework\src\main\resources
2018-10-07 18:11:42,114 [Worker-16] INFO  o.e.m.c.i.embedder.EclipseLogger - Using 'UTF-8' encoding to copy filtered resources.
2018-10-07 18:11:42,115 [Worker-16] INFO  o.e.m.c.i.embedder.EclipseLogger - skip non existing resourceDirectory D:\POMAppiumFramework\AppiumFramework\src\test\resources
2018-10-07 18:12:23,344 [Worker-20] INFO  o.e.m.c.i.embedder.EclipseLogger - Using 'UTF-8' encoding to copy filtered resources.
2018-10-07 18:12:23,345 [Worker-20] INFO  o.e.m.c.i.embedder.EclipseLogger - skip non existing resourceDirectory D:\POMAppiumFramework\AppiumFramework\src\main\resources
2018-10-07 18:12:23,352 [Worker-20] INFO  o.e.m.c.i.embedder.EclipseLogger - Using 'UTF-8' encoding to copy filtered resources.
2018-10-07 18:12:23,363 [Worker-20] INFO  o.e.m.c.i.embedder.EclipseLogger - skip non existing resourceDirectory D:\POMAppiumFramework\AppiumFramework\src\test\resources
2018-10-07 18:12:56,530 [Worker-21] INFO  o.e.m.c.i.embedder.EclipseLogger - Using 'UTF-8' encoding to copy filtered resources.
2018-10-07 18:12:56,532 [Worker-21] INFO  o.e.m.c.i.embedder.EclipseLogger - skip non existing resourceDirectory D:\POMAppiumFramework\AppiumFramework\src\main\resources
2018-10-07 18:12:56,537 [Worker-21] INFO  o.e.m.c.i.embedder.EclipseLogger - Using 'UTF-8' encoding to copy filtered resources.
2018-10-07 18:12:56,538 [Worker-21] INFO  o.e.m.c.i.embedder.EclipseLogger - skip non existing resourceDirectory D:\POMAppiumFramework\AppiumFramework\src\test\resources
2018-10-07 18:13:01,340 [Worker-15] INFO  o.e.m.c.i.embedder.EclipseLogger - Using 'UTF-8' encoding to copy filtered resources.
2018-10-07 18:13:01,341 [Worker-15] INFO  o.e.m.c.i.embedder.EclipseLogger - skip non existing resourceDirectory D:\POMAppiumFramework\AppiumFramework\src\main\resources
2018-10-07 18:13:01,345 [Worker-15] INFO  o.e.m.c.i.embedder.EclipseLogger - Using 'UTF-8' encoding to copy filtered resources.
2018-10-07 18:13:01,346 [Worker-15] INFO  o.e.m.c.i.embedder.EclipseLogger - skip non existing resourceDirectory D:\POMAppiumFramework\AppiumFramework\src\test\resources
2018-10-07 18:17:16,860 [Worker-18] INFO  o.e.m.c.i.embedder.EclipseLogger - Using 'UTF-8' encoding to copy filtered resources.
2018-10-07 18:17:16,862 [Worker-18] INFO  o.e.m.c.i.embedder.EclipseLogger - skip non existing resourceDirectory D:\POMAppiumFramework\AppiumFramework\src\main\resources
2018-10-07 18:17:16,867 [Worker-18] INFO  o.e.m.c.i.embedder.EclipseLogger - Using 'UTF-8' encoding to copy filtered resources.
2018-10-07 18:17:16,868 [Worker-18] INFO  o.e.m.c.i.embedder.EclipseLogger - skip non existing resourceDirectory D:\POMAppiumFramework\AppiumFramework\src\test\resources
2018-10-07 18:17:55,362 [Worker-20] INFO  o.e.m.c.i.embedder.EclipseLogger - Using 'UTF-8' encoding to copy filtered resources.
2018-10-07 18:17:55,364 [Worker-20] INFO  o.e.m.c.i.embedder.EclipseLogger - skip non existing resourceDirectory D:\POMAppiumFramework\AppiumFramework\src\main\resources
2018-10-07 18:17:55,368 [Worker-20] INFO  o.e.m.c.i.embedder.EclipseLogger - Using 'UTF-8' encoding to copy filtered resources.
2018-10-07 18:17:55,369 [Worker-20] INFO  o.e.m.c.i.embedder.EclipseLogger - skip non existing resourceDirectory D:\POMAppiumFramework\AppiumFramework\src\test\resources
2018-10-07 18:17:56,566 [Worker-2] INFO  o.e.m.c.i.embedder.EclipseLogger - Using 'UTF-8' encoding to copy filtered resources.
2018-10-07 18:17:56,567 [Worker-2] INFO  o.e.m.c.i.embedder.EclipseLogger - skip non existing resourceDirectory D:\POMAppiumFramework\AppiumFramework\src\main\resources
2018-10-07 18:17:56,570 [Worker-2] INFO  o.e.m.c.i.embedder.EclipseLogger - Using 'UTF-8' encoding to copy filtered resources.
2018-10-07 18:17:56,571 [Worker-2] INFO  o.e.m.c.i.embedder.EclipseLogger - skip non existing resourceDirectory D:\POMAppiumFramework\AppiumFramework\src\test\resources
2018-10-07 18:18:41,258 [Worker-18] INFO  o.e.m.c.i.embedder.EclipseLogger - Using 'UTF-8' encoding to copy filtered resources.
2018-10-07 18:18:41,259 [Worker-18] INFO  o.e.m.c.i.embedder.EclipseLogger - skip non existing resourceDirectory D:\POMAppiumFramework\AppiumFramework\src\main\resources
2018-10-07 18:18:41,264 [Worker-18] INFO  o.e.m.c.i.embedder.EclipseLogger - Using 'UTF-8' encoding to copy filtered resources.
2018-10-07 18:18:41,265 [Worker-18] INFO  o.e.m.c.i.embedder.EclipseLogger - skip non existing resourceDirectory D:\POMAppiumFramework\AppiumFramework\src\test\resources
2018-10-07 18:21:08,197 [Worker-20] INFO  o.e.m.c.i.embedder.EclipseLogger - Using 'UTF-8' encoding to copy filtered resources.
2018-10-07 18:21:08,199 [Worker-20] INFO  o.e.m.c.i.embedder.EclipseLogger - skip non existing resourceDirectory D:\POMAppiumFramework\AppiumFramework\src\main\resources
2018-10-07 18:21:08,202 [Worker-20] INFO  o.e.m.c.i.embedder.EclipseLogger - Using 'UTF-8' encoding to copy filtered resources.
2018-10-07 18:21:08,203 [Worker-20] INFO  o.e.m.c.i.embedder.EclipseLogger - skip non existing resourceDirectory D:\POMAppiumFramework\AppiumFramework\src\test\resources
2018-10-07 18:23:59,920 [Worker-21] INFO  o.e.m.c.i.embedder.EclipseLogger - Using 'UTF-8' encoding to copy filtered resources.
2018-10-07 18:23:59,922 [Worker-21] INFO  o.e.m.c.i.embedder.EclipseLogger - skip non existing resourceDirectory D:\POMAppiumFramework\AppiumFramework\src\main\resources
2018-10-07 18:23:59,927 [Worker-21] INFO  o.e.m.c.i.embedder.EclipseLogger - Using 'UTF-8' encoding to copy filtered resources.
2018-10-07 18:23:59,928 [Worker-21] INFO  o.e.m.c.i.embedder.EclipseLogger - skip non existing resourceDirectory D:\POMAppiumFramework\AppiumFramework\src\test\resources
2018-10-07 18:24:53,626 [Worker-14] INFO  o.e.m.c.i.embedder.EclipseLogger - Using 'UTF-8' encoding to copy filtered resources.
2018-10-07 18:24:53,628 [Worker-14] INFO  o.e.m.c.i.embedder.EclipseLogger - skip non existing resourceDirectory D:\POMAppiumFramework\AppiumFramework\src\main\resources
2018-10-07 18:24:53,632 [Worker-14] INFO  o.e.m.c.i.embedder.EclipseLogger - Using 'UTF-8' encoding to copy filtered resources.
2018-10-07 18:24:53,633 [Worker-14] INFO  o.e.m.c.i.embedder.EclipseLogger - skip non existing resourceDirectory D:\POMAppiumFramework\AppiumFramework\src\test\resources
2018-10-07 18:26:21,814 [Worker-20] INFO  o.e.m.c.i.embedder.EclipseLogger - Using 'UTF-8' encoding to copy filtered resources.
2018-10-07 18:26:21,816 [Worker-20] INFO  o.e.m.c.i.embedder.EclipseLogger - skip non existing resourceDirectory D:\POMAppiumFramework\AppiumFramework\src\main\resources
2018-10-07 18:26:21,820 [Worker-20] INFO  o.e.m.c.i.embedder.EclipseLogger - Using 'UTF-8' encoding to copy filtered resources.
2018-10-07 18:26:21,821 [Worker-20] INFO  o.e.m.c.i.embedder.EclipseLogger - skip non existing resourceDirectory D:\POMAppiumFramework\AppiumFramework\src\test\resources
2018-10-07 18:27:06,168 [Worker-20] INFO  o.e.m.c.i.embedder.EclipseLogger - Using 'UTF-8' encoding to copy filtered resources.
2018-10-07 18:27:06,169 [Worker-20] INFO  o.e.m.c.i.embedder.EclipseLogger - skip non existing resourceDirectory D:\POMAppiumFramework\AppiumFramework\src\main\resources
2018-10-07 18:27:06,173 [Worker-20] INFO  o.e.m.c.i.embedder.EclipseLogger - Using 'UTF-8' encoding to copy filtered resources.
2018-10-07 18:27:06,174 [Worker-20] INFO  o.e.m.c.i.embedder.EclipseLogger - skip non existing resourceDirectory D:\POMAppiumFramework\AppiumFramework\src\test\resources
2018-10-07 18:27:21,719 [Worker-17] INFO  o.e.m.c.i.embedder.EclipseLogger - Using 'UTF-8' encoding to copy filtered resources.
2018-10-07 18:27:21,720 [Worker-17] INFO  o.e.m.c.i.embedder.EclipseLogger - skip non existing resourceDirectory D:\POMAppiumFramework\AppiumFramework\src\main\resources
2018-10-07 18:27:21,725 [Worker-17] INFO  o.e.m.c.i.embedder.EclipseLogger - Using 'UTF-8' encoding to copy filtered resources.
2018-10-07 18:27:21,726 [Worker-17] INFO  o.e.m.c.i.embedder.EclipseLogger - skip non existing resourceDirectory D:\POMAppiumFramework\AppiumFramework\src\test\resources
2018-10-07 18:28:05,888 [Worker-17] INFO  o.e.m.c.i.embedder.EclipseLogger - Using 'UTF-8' encoding to copy filtered resources.
2018-10-07 18:28:05,888 [Worker-17] INFO  o.e.m.c.i.embedder.EclipseLogger - skip non existing resourceDirectory D:\POMAppiumFramework\AppiumFramework\src\main\resources
2018-10-07 18:28:05,888 [Worker-17] INFO  o.e.m.c.i.embedder.EclipseLogger - Using 'UTF-8' encoding to copy filtered resources.
2018-10-07 18:28:05,888 [Worker-17] INFO  o.e.m.c.i.embedder.EclipseLogger - skip non existing resourceDirectory D:\POMAppiumFramework\AppiumFramework\src\test\resources
2018-10-07 18:29:20,214 [Worker-18] INFO  o.e.m.c.i.embedder.EclipseLogger - Using 'UTF-8' encoding to copy filtered resources.
2018-10-07 18:29:20,214 [Worker-18] INFO  o.e.m.c.i.embedder.EclipseLogger - skip non existing resourceDirectory D:\POMAppiumFramework\AppiumFramework\src\main\resources
2018-10-07 18:29:20,214 [Worker-18] INFO  o.e.m.c.i.embedder.EclipseLogger - Using 'UTF-8' encoding to copy filtered resources.
2018-10-07 18:29:20,230 [Worker-18] INFO  o.e.m.c.i.embedder.EclipseLogger - skip non existing resourceDirectory D:\POMAppiumFramework\AppiumFramework\src\test\resources
2018-10-07 18:29:37,021 [Worker-21] INFO  o.e.m.c.i.embedder.EclipseLogger - Using 'UTF-8' encoding to copy filtered resources.
2018-10-07 18:29:37,021 [Worker-21] INFO  o.e.m.c.i.embedder.EclipseLogger - skip non existing resourceDirectory D:\POMAppiumFramework\AppiumFramework\src\main\resources
2018-10-07 18:29:37,036 [Worker-21] INFO  o.e.m.c.i.embedder.EclipseLogger - Using 'UTF-8' encoding to copy filtered resources.
2018-10-07 18:29:37,036 [Worker-21] INFO  o.e.m.c.i.embedder.EclipseLogger - skip non existing resourceDirectory D:\POMAppiumFramework\AppiumFramework\src\test\resources
2018-10-07 18:29:50,319 [Worker-14] INFO  o.e.m.c.i.embedder.EclipseLogger - Using 'UTF-8' encoding to copy filtered resources.
2018-10-07 18:29:50,319 [Worker-14] INFO  o.e.m.c.i.embedder.EclipseLogger - skip non existing resourceDirectory D:\POMAppiumFramework\AppiumFramework\src\main\resources
2018-10-07 18:29:50,319 [Worker-14] INFO  o.e.m.c.i.embedder.EclipseLogger - Using 'UTF-8' encoding to copy filtered resources.
2018-10-07 18:29:50,319 [Worker-14] INFO  o.e.m.c.i.embedder.EclipseLogger - skip non existing resourceDirectory D:\POMAppiumFramework\AppiumFramework\src\test\resources
2018-10-07 18:30:53,936 [Worker-21] INFO  o.e.m.c.i.embedder.EclipseLogger - Using 'UTF-8' encoding to copy filtered resources.
2018-10-07 18:30:53,951 [Worker-21] INFO  o.e.m.c.i.embedder.EclipseLogger - skip non existing resourceDirectory D:\POMAppiumFramework\AppiumFramework\src\main\resources
2018-10-07 18:30:53,951 [Worker-21] INFO  o.e.m.c.i.embedder.EclipseLogger - Using 'UTF-8' encoding to copy filtered resources.
2018-10-07 18:30:53,951 [Worker-21] INFO  o.e.m.c.i.embedder.EclipseLogger - skip non existing resourceDirectory D:\POMAppiumFramework\AppiumFramework\src\test\resources
2018-10-07 18:31:04,772 [Worker-16] INFO  o.e.m.c.i.embedder.EclipseLogger - Using 'UTF-8' encoding to copy filtered resources.
2018-10-07 18:31:04,772 [Worker-16] INFO  o.e.m.c.i.embedder.EclipseLogger - skip non existing resourceDirectory D:\POMAppiumFramework\AppiumFramework\src\main\resources
2018-10-07 18:31:04,772 [Worker-16] INFO  o.e.m.c.i.embedder.EclipseLogger - Using 'UTF-8' encoding to copy filtered resources.
2018-10-07 18:31:04,772 [Worker-16] INFO  o.e.m.c.i.embedder.EclipseLogger - skip non existing resourceDirectory D:\POMAppiumFramework\AppiumFramework\src\test\resources
2018-10-07 18:32:01,054 [Worker-5] INFO  o.e.m.c.i.embedder.EclipseLogger - Using 'UTF-8' encoding to copy filtered resources.
2018-10-07 18:32:01,069 [Worker-5] INFO  o.e.m.c.i.embedder.EclipseLogger - skip non existing resourceDirectory D:\POMAppiumFramework\AppiumFramework\src\main\resources
2018-10-07 18:32:01,069 [Worker-5] INFO  o.e.m.c.i.embedder.EclipseLogger - Using 'UTF-8' encoding to copy filtered resources.
2018-10-07 18:32:01,069 [Worker-5] INFO  o.e.m.c.i.embedder.EclipseLogger - skip non existing resourceDirectory D:\POMAppiumFramework\AppiumFramework\src\test\resources
2018-10-07 18:33:14,185 [Worker-20] INFO  o.e.m.c.i.embedder.EclipseLogger - Using 'UTF-8' encoding to copy filtered resources.
2018-10-07 18:33:14,185 [Worker-20] INFO  o.e.m.c.i.embedder.EclipseLogger - skip non existing resourceDirectory D:\POMAppiumFramework\AppiumFramework\src\main\resources
2018-10-07 18:33:14,185 [Worker-20] INFO  o.e.m.c.i.embedder.EclipseLogger - Using 'UTF-8' encoding to copy filtered resources.
2018-10-07 18:33:14,185 [Worker-20] INFO  o.e.m.c.i.embedder.EclipseLogger - skip non existing resourceDirectory D:\POMAppiumFramework\AppiumFramework\src\test\resources
2018-10-07 18:33:26,269 [Worker-20] INFO  o.e.m.c.i.embedder.EclipseLogger - Using 'UTF-8' encoding to copy filtered resources.
2018-10-07 18:33:26,269 [Worker-20] INFO  o.e.m.c.i.embedder.EclipseLogger - skip non existing resourceDirectory D:\POMAppiumFramework\AppiumFramework\src\main\resources
2018-10-07 18:33:26,284 [Worker-20] INFO  o.e.m.c.i.embedder.EclipseLogger - Using 'UTF-8' encoding to copy filtered resources.
2018-10-07 18:33:26,284 [Worker-20] INFO  o.e.m.c.i.embedder.EclipseLogger - skip non existing resourceDirectory D:\POMAppiumFramework\AppiumFramework\src\test\resources
2018-10-07 18:33:46,931 [Worker-20] INFO  o.e.m.c.i.embedder.EclipseLogger - Using 'UTF-8' encoding to copy filtered resources.
2018-10-07 18:33:46,931 [Worker-20] INFO  o.e.m.c.i.embedder.EclipseLogger - skip non existing resourceDirectory D:\POMAppiumFramework\AppiumFramework\src\main\resources
2018-10-07 18:33:46,931 [Worker-20] INFO  o.e.m.c.i.embedder.EclipseLogger - Using 'UTF-8' encoding to copy filtered resources.
2018-10-07 18:33:46,931 [Worker-20] INFO  o.e.m.c.i.embedder.EclipseLogger - skip non existing resourceDirectory D:\POMAppiumFramework\AppiumFramework\src\test\resources
2018-10-07 18:34:24,150 [Worker-14] INFO  o.e.m.c.i.embedder.EclipseLogger - Using 'UTF-8' encoding to copy filtered resources.
2018-10-07 18:34:24,150 [Worker-14] INFO  o.e.m.c.i.embedder.EclipseLogger - skip non existing resourceDirectory D:\POMAppiumFramework\AppiumFramework\src\main\resources
2018-10-07 18:34:24,150 [Worker-14] INFO  o.e.m.c.i.embedder.EclipseLogger - Using 'UTF-8' encoding to copy filtered resources.
2018-10-07 18:34:24,150 [Worker-14] INFO  o.e.m.c.i.embedder.EclipseLogger - skip non existing resourceDirectory D:\POMAppiumFramework\AppiumFramework\src\test\resources
2018-10-07 18:34:32,140 [Worker-18] INFO  o.e.m.c.i.embedder.EclipseLogger - Using 'UTF-8' encoding to copy filtered resources.
2018-10-07 18:34:32,140 [Worker-18] INFO  o.e.m.c.i.embedder.EclipseLogger - skip non existing resourceDirectory D:\POMAppiumFramework\AppiumFramework\src\main\resources
2018-10-07 18:34:32,140 [Worker-18] INFO  o.e.m.c.i.embedder.EclipseLogger - Using 'UTF-8' encoding to copy filtered resources.
2018-10-07 18:34:32,140 [Worker-18] INFO  o.e.m.c.i.embedder.EclipseLogger - skip non existing resourceDirectory D:\POMAppiumFramework\AppiumFramework\src\test\resources
2018-10-07 18:39:10,813 [Worker-5] INFO  o.e.m.c.i.embedder.EclipseLogger - Using 'UTF-8' encoding to copy filtered resources.
2018-10-07 18:39:10,813 [Worker-5] INFO  o.e.m.c.i.embedder.EclipseLogger - skip non existing resourceDirectory D:\POMAppiumFramework\AppiumFramework\src\main\resources
2018-10-07 18:39:10,829 [Worker-5] INFO  o.e.m.c.i.embedder.EclipseLogger - Using 'UTF-8' encoding to copy filtered resources.
2018-10-07 18:39:10,829 [Worker-5] INFO  o.e.m.c.i.embedder.EclipseLogger - skip non existing resourceDirectory D:\POMAppiumFramework\AppiumFramework\src\test\resources
2018-10-07 18:39:34,789 [Worker-5] INFO  o.e.m.c.i.embedder.EclipseLogger - Using 'UTF-8' encoding to copy filtered resources.
2018-10-07 18:39:34,790 [Worker-5] INFO  o.e.m.c.i.embedder.EclipseLogger - skip non existing resourceDirectory D:\POMAppiumFramework\AppiumFramework\src\main\resources
2018-10-07 18:39:34,793 [Worker-5] INFO  o.e.m.c.i.embedder.EclipseLogger - Using 'UTF-8' encoding to copy filtered resources.
2018-10-07 18:39:34,794 [Worker-5] INFO  o.e.m.c.i.embedder.EclipseLogger - skip non existing resourceDirectory D:\POMAppiumFramework\AppiumFramework\src\test\resources
2018-10-07 18:40:36,779 [Worker-5] INFO  o.e.m.c.i.embedder.EclipseLogger - Using 'UTF-8' encoding to copy filtered resources.
2018-10-07 18:40:36,779 [Worker-5] INFO  o.e.m.c.i.embedder.EclipseLogger - skip non existing resourceDirectory D:\POMAppiumFramework\AppiumFramework\src\main\resources
2018-10-07 18:40:36,779 [Worker-5] INFO  o.e.m.c.i.embedder.EclipseLogger - Using 'UTF-8' encoding to copy filtered resources.
2018-10-07 18:40:36,779 [Worker-5] INFO  o.e.m.c.i.embedder.EclipseLogger - skip non existing resourceDirectory D:\POMAppiumFramework\AppiumFramework\src\test\resources
2018-10-07 18:41:09,566 [Worker-18] INFO  o.e.m.c.i.embedder.EclipseLogger - Using 'UTF-8' encoding to copy filtered resources.
2018-10-07 18:41:09,566 [Worker-18] INFO  o.e.m.c.i.embedder.EclipseLogger - skip non existing resourceDirectory D:\POMAppiumFramework\AppiumFramework\src\main\resources
2018-10-07 18:41:09,582 [Worker-18] INFO  o.e.m.c.i.embedder.EclipseLogger - Using 'UTF-8' encoding to copy filtered resources.
2018-10-07 18:41:09,582 [Worker-18] INFO  o.e.m.c.i.embedder.EclipseLogger - skip non existing resourceDirectory D:\POMAppiumFramework\AppiumFramework\src\test\resources
2018-10-07 18:41:24,202 [Worker-20] INFO  o.e.m.c.i.embedder.EclipseLogger - Using 'UTF-8' encoding to copy filtered resources.
2018-10-07 18:41:24,202 [Worker-20] INFO  o.e.m.c.i.embedder.EclipseLogger - skip non existing resourceDirectory D:\POMAppiumFramework\AppiumFramework\src\main\resources
2018-10-07 18:41:24,217 [Worker-20] INFO  o.e.m.c.i.embedder.EclipseLogger - Using 'UTF-8' encoding to copy filtered resources.
2018-10-07 18:41:24,217 [Worker-20] INFO  o.e.m.c.i.embedder.EclipseLogger - skip non existing resourceDirectory D:\POMAppiumFramework\AppiumFramework\src\test\resources
2018-10-07 18:45:11,149 [Worker-19] INFO  o.e.m.c.i.embedder.EclipseLogger - Using 'UTF-8' encoding to copy filtered resources.
2018-10-07 18:45:11,149 [Worker-19] INFO  o.e.m.c.i.embedder.EclipseLogger - skip non existing resourceDirectory D:\POMAppiumFramework\AppiumFramework\src\main\resources
2018-10-07 18:45:11,149 [Worker-19] INFO  o.e.m.c.i.embedder.EclipseLogger - Using 'UTF-8' encoding to copy filtered resources.
2018-10-07 18:45:11,165 [Worker-19] INFO  o.e.m.c.i.embedder.EclipseLogger - skip non existing resourceDirectory D:\POMAppiumFramework\AppiumFramework\src\test\resources
2018-10-07 18:45:14,293 [Worker-2] INFO  o.e.m.c.i.embedder.EclipseLogger - Using 'UTF-8' encoding to copy filtered resources.
2018-10-07 18:45:14,293 [Worker-2] INFO  o.e.m.c.i.embedder.EclipseLogger - skip non existing resourceDirectory D:\POMAppiumFramework\AppiumFramework\src\main\resources
2018-10-07 18:45:14,309 [Worker-2] INFO  o.e.m.c.i.embedder.EclipseLogger - Using 'UTF-8' encoding to copy filtered resources.
2018-10-07 18:45:14,309 [Worker-2] INFO  o.e.m.c.i.embedder.EclipseLogger - skip non existing resourceDirectory D:\POMAppiumFramework\AppiumFramework\src\test\resources
2018-10-07 18:45:25,185 [Worker-14] INFO  o.e.m.c.i.embedder.EclipseLogger - Using 'UTF-8' encoding to copy filtered resources.
2018-10-07 18:45:25,201 [Worker-14] INFO  o.e.m.c.i.embedder.EclipseLogger - skip non existing resourceDirectory D:\POMAppiumFramework\AppiumFramework\src\main\resources
2018-10-07 18:45:25,201 [Worker-14] INFO  o.e.m.c.i.embedder.EclipseLogger - Using 'UTF-8' encoding to copy filtered resources.
2018-10-07 18:45:25,201 [Worker-14] INFO  o.e.m.c.i.embedder.EclipseLogger - skip non existing resourceDirectory D:\POMAppiumFramework\AppiumFramework\src\test\resources
2018-10-07 18:46:26,103 [Worker-17] INFO  o.e.m.c.i.embedder.EclipseLogger - Using 'UTF-8' encoding to copy filtered resources.
2018-10-07 18:46:26,103 [Worker-17] INFO  o.e.m.c.i.embedder.EclipseLogger - skip non existing resourceDirectory D:\POMAppiumFramework\AppiumFramework\src\main\resources
2018-10-07 18:46:26,103 [Worker-17] INFO  o.e.m.c.i.embedder.EclipseLogger - Using 'UTF-8' encoding to copy filtered resources.
2018-10-07 18:46:26,103 [Worker-17] INFO  o.e.m.c.i.embedder.EclipseLogger - skip non existing resourceDirectory D:\POMAppiumFramework\AppiumFramework\src\test\resources
2018-10-07 18:52:22,700 [Worker-2] INFO  o.e.m.c.i.embedder.EclipseLogger - Using 'UTF-8' encoding to copy filtered resources.
2018-10-07 18:52:22,700 [Worker-2] INFO  o.e.m.c.i.embedder.EclipseLogger - skip non existing resourceDirectory D:\POMAppiumFramework\AppiumFramework\src\main\resources
2018-10-07 18:52:22,700 [Worker-2] INFO  o.e.m.c.i.embedder.EclipseLogger - Using 'UTF-8' encoding to copy filtered resources.
2018-10-07 18:52:22,700 [Worker-2] INFO  o.e.m.c.i.embedder.EclipseLogger - skip non existing resourceDirectory D:\POMAppiumFramework\AppiumFramework\src\test\resources
2018-10-07 18:53:00,992 [Worker-23] INFO  o.e.m.c.i.embedder.EclipseLogger - Using 'UTF-8' encoding to copy filtered resources.
2018-10-07 18:53:00,992 [Worker-23] INFO  o.e.m.c.i.embedder.EclipseLogger - skip non existing resourceDirectory D:\POMAppiumFramework\AppiumFramework\src\main\resources
2018-10-07 18:53:01,008 [Worker-23] INFO  o.e.m.c.i.embedder.EclipseLogger - Using 'UTF-8' encoding to copy filtered resources.
2018-10-07 18:53:01,008 [Worker-23] INFO  o.e.m.c.i.embedder.EclipseLogger - skip non existing resourceDirectory D:\POMAppiumFramework\AppiumFramework\src\test\resources
2018-10-07 18:55:22,390 [Worker-23] INFO  o.e.m.c.i.embedder.EclipseLogger - Using 'UTF-8' encoding to copy filtered resources.
2018-10-07 18:55:22,390 [Worker-23] INFO  o.e.m.c.i.embedder.EclipseLogger - skip non existing resourceDirectory D:\POMAppiumFramework\AppiumFramework\src\main\resources
2018-10-07 18:55:22,390 [Worker-23] INFO  o.e.m.c.i.embedder.EclipseLogger - Using 'UTF-8' encoding to copy filtered resources.
2018-10-07 18:55:22,390 [Worker-23] INFO  o.e.m.c.i.embedder.EclipseLogger - skip non existing resourceDirectory D:\POMAppiumFramework\AppiumFramework\src\test\resources
2018-10-07 18:56:39,189 [Worker-5] INFO  o.e.m.c.i.embedder.EclipseLogger - Using 'UTF-8' encoding to copy filtered resources.
2018-10-07 18:56:39,189 [Worker-5] INFO  o.e.m.c.i.embedder.EclipseLogger - skip non existing resourceDirectory D:\POMAppiumFramework\AppiumFramework\src\main\resources
2018-10-07 18:56:39,189 [Worker-5] INFO  o.e.m.c.i.embedder.EclipseLogger - Using 'UTF-8' encoding to copy filtered resources.
2018-10-07 18:56:39,189 [Worker-5] INFO  o.e.m.c.i.embedder.EclipseLogger - skip non existing resourceDirectory D:\POMAppiumFramework\AppiumFramework\src\test\resources
2018-10-07 18:57:01,783 [Worker-23] INFO  o.e.m.c.i.embedder.EclipseLogger - Using 'UTF-8' encoding to copy filtered resources.
2018-10-07 18:57:01,783 [Worker-23] INFO  o.e.m.c.i.embedder.EclipseLogger - skip non existing resourceDirectory D:\POMAppiumFramework\AppiumFramework\src\main\resources
2018-10-07 18:57:01,799 [Worker-23] INFO  o.e.m.c.i.embedder.EclipseLogger - Using 'UTF-8' encoding to copy filtered resources.
2018-10-07 18:57:01,799 [Worker-23] INFO  o.e.m.c.i.embedder.EclipseLogger - skip non existing resourceDirectory D:\POMAppiumFramework\AppiumFramework\src\test\resources
2018-10-07 18:57:18,682 [Worker-22] INFO  o.e.m.c.i.embedder.EclipseLogger - Using 'UTF-8' encoding to copy filtered resources.
2018-10-07 18:57:18,682 [Worker-22] INFO  o.e.m.c.i.embedder.EclipseLogger - skip non existing resourceDirectory D:\POMAppiumFramework\AppiumFramework\src\main\resources
2018-10-07 18:57:18,682 [Worker-22] INFO  o.e.m.c.i.embedder.EclipseLogger - Using 'UTF-8' encoding to copy filtered resources.
2018-10-07 18:57:18,682 [Worker-22] INFO  o.e.m.c.i.embedder.EclipseLogger - skip non existing resourceDirectory D:\POMAppiumFramework\AppiumFramework\src\test\resources
2018-10-07 19:00:14,880 [Worker-14] INFO  o.e.m.c.i.embedder.EclipseLogger - Using 'UTF-8' encoding to copy filtered resources.
2018-10-07 19:00:14,880 [Worker-14] INFO  o.e.m.c.i.embedder.EclipseLogger - skip non existing resourceDirectory D:\POMAppiumFramework\AppiumFramework\src\main\resources
2018-10-07 19:00:14,895 [Worker-14] INFO  o.e.m.c.i.embedder.EclipseLogger - Using 'UTF-8' encoding to copy filtered resources.
2018-10-07 19:00:14,895 [Worker-14] INFO  o.e.m.c.i.embedder.EclipseLogger - skip non existing resourceDirectory D:\POMAppiumFramework\AppiumFramework\src\test\resources
2018-10-07 19:00:59,125 [Worker-2] INFO  o.e.m.c.i.embedder.EclipseLogger - Using 'UTF-8' encoding to copy filtered resources.
2018-10-07 19:00:59,125 [Worker-2] INFO  o.e.m.c.i.embedder.EclipseLogger - skip non existing resourceDirectory D:\POMAppiumFramework\AppiumFramework\src\main\resources
2018-10-07 19:00:59,125 [Worker-2] INFO  o.e.m.c.i.embedder.EclipseLogger - Using 'UTF-8' encoding to copy filtered resources.
2018-10-07 19:00:59,125 [Worker-2] INFO  o.e.m.c.i.embedder.EclipseLogger - skip non existing resourceDirectory D:\POMAppiumFramework\AppiumFramework\src\test\resources
2018-10-07 19:02:11,796 [Worker-19] INFO  o.e.m.c.i.embedder.EclipseLogger - Using 'UTF-8' encoding to copy filtered resources.
2018-10-07 19:02:11,796 [Worker-19] INFO  o.e.m.c.i.embedder.EclipseLogger - skip non existing resourceDirectory D:\POMAppiumFramework\AppiumFramework\src\main\resources
2018-10-07 19:02:11,812 [Worker-19] INFO  o.e.m.c.i.embedder.EclipseLogger - Using 'UTF-8' encoding to copy filtered resources.
2018-10-07 19:02:11,812 [Worker-19] INFO  o.e.m.c.i.embedder.EclipseLogger - skip non existing resourceDirectory D:\POMAppiumFramework\AppiumFramework\src\test\resources
2018-10-07 19:03:12,584 [Worker-19] INFO  o.e.m.c.i.embedder.EclipseLogger - Using 'UTF-8' encoding to copy filtered resources.
2018-10-07 19:03:12,584 [Worker-19] INFO  o.e.m.c.i.embedder.EclipseLogger - skip non existing resourceDirectory D:\POMAppiumFramework\AppiumFramework\src\main\resources
2018-10-07 19:03:12,584 [Worker-19] INFO  o.e.m.c.i.embedder.EclipseLogger - Using 'UTF-8' encoding to copy filtered resources.
2018-10-07 19:03:12,584 [Worker-19] INFO  o.e.m.c.i.embedder.EclipseLogger - skip non existing resourceDirectory D:\POMAppiumFramework\AppiumFramework\src\test\resources
2018-10-07 19:06:15,522 [Worker-21] INFO  o.e.m.c.i.embedder.EclipseLogger - Using 'UTF-8' encoding to copy filtered resources.
2018-10-07 19:06:15,522 [Worker-21] INFO  o.e.m.c.i.embedder.EclipseLogger - skip non existing resourceDirectory D:\POMAppiumFramework\AppiumFramework\src\main\resources
2018-10-07 19:06:15,522 [Worker-21] INFO  o.e.m.c.i.embedder.EclipseLogger - Using 'UTF-8' encoding to copy filtered resources.
2018-10-07 19:06:15,522 [Worker-21] INFO  o.e.m.c.i.embedder.EclipseLogger - skip non existing resourceDirectory D:\POMAppiumFramework\AppiumFramework\src\test\resources
2018-10-07 19:06:46,259 [Worker-2] INFO  o.e.m.c.i.embedder.EclipseLogger - Using 'UTF-8' encoding to copy filtered resources.
2018-10-07 19:06:46,260 [Worker-2] INFO  o.e.m.c.i.embedder.EclipseLogger - skip non existing resourceDirectory D:\POMAppiumFramework\AppiumFramework\src\main\resources
2018-10-07 19:06:46,264 [Worker-2] INFO  o.e.m.c.i.embedder.EclipseLogger - Using 'UTF-8' encoding to copy filtered resources.
2018-10-07 19:06:46,265 [Worker-2] INFO  o.e.m.c.i.embedder.EclipseLogger - skip non existing resourceDirectory D:\POMAppiumFramework\AppiumFramework\src\test\resources
2018-10-07 19:07:09,539 [Worker-25] INFO  o.e.m.c.i.embedder.EclipseLogger - Using 'UTF-8' encoding to copy filtered resources.
2018-10-07 19:07:09,539 [Worker-25] INFO  o.e.m.c.i.embedder.EclipseLogger - skip non existing resourceDirectory D:\POMAppiumFramework\AppiumFramework\src\main\resources
2018-10-07 19:07:09,539 [Worker-25] INFO  o.e.m.c.i.embedder.EclipseLogger - Using 'UTF-8' encoding to copy filtered resources.
2018-10-07 19:07:09,539 [Worker-25] INFO  o.e.m.c.i.embedder.EclipseLogger - skip non existing resourceDirectory D:\POMAppiumFramework\AppiumFramework\src\test\resources
2018-10-07 19:07:51,465 [Worker-5] INFO  o.e.m.c.i.embedder.EclipseLogger - Using 'UTF-8' encoding to copy filtered resources.
2018-10-07 19:07:51,466 [Worker-5] INFO  o.e.m.c.i.embedder.EclipseLogger - skip non existing resourceDirectory D:\POMAppiumFramework\AppiumFramework\src\main\resources
2018-10-07 19:07:51,470 [Worker-5] INFO  o.e.m.c.i.embedder.EclipseLogger - Using 'UTF-8' encoding to copy filtered resources.
2018-10-07 19:07:51,472 [Worker-5] INFO  o.e.m.c.i.embedder.EclipseLogger - skip non existing resourceDirectory D:\POMAppiumFramework\AppiumFramework\src\test\resources
2018-10-07 19:08:17,459 [Worker-14] INFO  o.e.m.c.i.embedder.EclipseLogger - Using 'UTF-8' encoding to copy filtered resources.
2018-10-07 19:08:17,460 [Worker-14] INFO  o.e.m.c.i.embedder.EclipseLogger - skip non existing resourceDirectory D:\POMAppiumFramework\AppiumFramework\src\main\resources
2018-10-07 19:08:17,465 [Worker-14] INFO  o.e.m.c.i.embedder.EclipseLogger - Using 'UTF-8' encoding to copy filtered resources.
2018-10-07 19:08:17,467 [Worker-14] INFO  o.e.m.c.i.embedder.EclipseLogger - skip non existing resourceDirectory D:\POMAppiumFramework\AppiumFramework\src\test\resources
2018-10-07 19:10:26,982 [Worker-23] INFO  o.e.m.c.i.embedder.EclipseLogger - Using 'UTF-8' encoding to copy filtered resources.
2018-10-07 19:10:26,982 [Worker-23] INFO  o.e.m.c.i.embedder.EclipseLogger - skip non existing resourceDirectory D:\POMAppiumFramework\AppiumFramework\src\main\resources
2018-10-07 19:10:26,982 [Worker-23] INFO  o.e.m.c.i.embedder.EclipseLogger - Using 'UTF-8' encoding to copy filtered resources.
2018-10-07 19:10:26,982 [Worker-23] INFO  o.e.m.c.i.embedder.EclipseLogger - skip non existing resourceDirectory D:\POMAppiumFramework\AppiumFramework\src\test\resources
2018-10-07 19:11:08,708 [Worker-2] INFO  o.e.m.c.i.embedder.EclipseLogger - Using 'UTF-8' encoding to copy filtered resources.
2018-10-07 19:11:08,708 [Worker-2] INFO  o.e.m.c.i.embedder.EclipseLogger - skip non existing resourceDirectory D:\POMAppiumFramework\AppiumFramework\src\main\resources
2018-10-07 19:11:08,708 [Worker-2] INFO  o.e.m.c.i.embedder.EclipseLogger - Using 'UTF-8' encoding to copy filtered resources.
2018-10-07 19:11:08,708 [Worker-2] INFO  o.e.m.c.i.embedder.EclipseLogger - skip non existing resourceDirectory D:\POMAppiumFramework\AppiumFramework\src\test\resources
2018-10-07 19:11:51,921 [Worker-16] INFO  o.e.m.c.i.embedder.EclipseLogger - Using 'UTF-8' encoding to copy filtered resources.
2018-10-07 19:11:51,921 [Worker-16] INFO  o.e.m.c.i.embedder.EclipseLogger - skip non existing resourceDirectory D:\POMAppiumFramework\AppiumFramework\src\main\resources
2018-10-07 19:11:51,921 [Worker-16] INFO  o.e.m.c.i.embedder.EclipseLogger - Using 'UTF-8' encoding to copy filtered resources.
2018-10-07 19:11:51,921 [Worker-16] INFO  o.e.m.c.i.embedder.EclipseLogger - skip non existing resourceDirectory D:\POMAppiumFramework\AppiumFramework\src\test\resources
2018-10-07 19:12:14,259 [Worker-23] INFO  o.e.m.c.i.embedder.EclipseLogger - Using 'UTF-8' encoding to copy filtered resources.
2018-10-07 19:12:14,259 [Worker-23] INFO  o.e.m.c.i.embedder.EclipseLogger - skip non existing resourceDirectory D:\POMAppiumFramework\AppiumFramework\src\main\resources
2018-10-07 19:12:14,259 [Worker-23] INFO  o.e.m.c.i.embedder.EclipseLogger - Using 'UTF-8' encoding to copy filtered resources.
2018-10-07 19:12:14,259 [Worker-23] INFO  o.e.m.c.i.embedder.EclipseLogger - skip non existing resourceDirectory D:\POMAppiumFramework\AppiumFramework\src\test\resources
2018-10-07 19:12:41,794 [Worker-23] INFO  o.e.m.c.i.embedder.EclipseLogger - Using 'UTF-8' encoding to copy filtered resources.
2018-10-07 19:12:41,794 [Worker-23] INFO  o.e.m.c.i.embedder.EclipseLogger - skip non existing resourceDirectory D:\POMAppiumFramework\AppiumFramework\src\main\resources
2018-10-07 19:12:41,809 [Worker-23] INFO  o.e.m.c.i.embedder.EclipseLogger - Using 'UTF-8' encoding to copy filtered resources.
2018-10-07 19:12:41,809 [Worker-23] INFO  o.e.m.c.i.embedder.EclipseLogger - skip non existing resourceDirectory D:\POMAppiumFramework\AppiumFramework\src\test\resources
2018-10-07 19:13:02,369 [Worker-24] INFO  o.e.m.c.i.embedder.EclipseLogger - Using 'UTF-8' encoding to copy filtered resources.
2018-10-07 19:13:02,385 [Worker-24] INFO  o.e.m.c.i.embedder.EclipseLogger - skip non existing resourceDirectory D:\POMAppiumFramework\AppiumFramework\src\main\resources
2018-10-07 19:13:02,385 [Worker-24] INFO  o.e.m.c.i.embedder.EclipseLogger - Using 'UTF-8' encoding to copy filtered resources.
2018-10-07 19:13:02,385 [Worker-24] INFO  o.e.m.c.i.embedder.EclipseLogger - skip non existing resourceDirectory D:\POMAppiumFramework\AppiumFramework\src\test\resources
2018-10-07 19:15:00,306 [Worker-21] INFO  o.e.m.c.i.embedder.EclipseLogger - Using 'UTF-8' encoding to copy filtered resources.
2018-10-07 19:15:00,306 [Worker-21] INFO  o.e.m.c.i.embedder.EclipseLogger - skip non existing resourceDirectory D:\POMAppiumFramework\AppiumFramework\src\main\resources
2018-10-07 19:15:00,322 [Worker-21] INFO  o.e.m.c.i.embedder.EclipseLogger - Using 'UTF-8' encoding to copy filtered resources.
2018-10-07 19:15:00,322 [Worker-21] INFO  o.e.m.c.i.embedder.EclipseLogger - skip non existing resourceDirectory D:\POMAppiumFramework\AppiumFramework\src\test\resources
2018-10-07 19:16:29,504 [Worker-25] INFO  o.e.m.c.i.embedder.EclipseLogger - Using 'UTF-8' encoding to copy filtered resources.
2018-10-07 19:16:29,504 [Worker-25] INFO  o.e.m.c.i.embedder.EclipseLogger - skip non existing resourceDirectory D:\POMAppiumFramework\AppiumFramework\src\main\resources
2018-10-07 19:16:29,504 [Worker-25] INFO  o.e.m.c.i.embedder.EclipseLogger - Using 'UTF-8' encoding to copy filtered resources.
2018-10-07 19:16:29,536 [Worker-25] INFO  o.e.m.c.i.embedder.EclipseLogger - skip non existing resourceDirectory D:\POMAppiumFramework\AppiumFramework\src\test\resources
2018-10-07 19:19:55,077 [Worker-22] INFO  o.e.m.c.i.embedder.EclipseLogger - Using 'UTF-8' encoding to copy filtered resources.
2018-10-07 19:19:55,077 [Worker-22] INFO  o.e.m.c.i.embedder.EclipseLogger - skip non existing resourceDirectory D:\POMAppiumFramework\AppiumFramework\src\main\resources
2018-10-07 19:19:55,077 [Worker-22] INFO  o.e.m.c.i.embedder.EclipseLogger - Using 'UTF-8' encoding to copy filtered resources.
2018-10-07 19:19:55,077 [Worker-22] INFO  o.e.m.c.i.embedder.EclipseLogger - skip non existing resourceDirectory D:\POMAppiumFramework\AppiumFramework\src\test\resources
2018-10-07 19:21:06,414 [Worker-17] INFO  o.e.m.c.i.embedder.EclipseLogger - Using 'UTF-8' encoding to copy filtered resources.
2018-10-07 19:21:06,414 [Worker-17] INFO  o.e.m.c.i.embedder.EclipseLogger - skip non existing resourceDirectory D:\POMAppiumFramework\AppiumFramework\src\main\resources
2018-10-07 19:21:06,414 [Worker-17] INFO  o.e.m.c.i.embedder.EclipseLogger - Using 'UTF-8' encoding to copy filtered resources.
2018-10-07 19:21:06,414 [Worker-17] INFO  o.e.m.c.i.embedder.EclipseLogger - skip non existing resourceDirectory D:\POMAppiumFramework\AppiumFramework\src\test\resources
2018-10-07 19:21:29,430 [Worker-25] INFO  o.e.m.c.i.embedder.EclipseLogger - Using 'UTF-8' encoding to copy filtered resources.
2018-10-07 19:21:29,430 [Worker-25] INFO  o.e.m.c.i.embedder.EclipseLogger - skip non existing resourceDirectory D:\POMAppiumFramework\AppiumFramework\src\main\resources
2018-10-07 19:21:29,446 [Worker-25] INFO  o.e.m.c.i.embedder.EclipseLogger - Using 'UTF-8' encoding to copy filtered resources.
2018-10-07 19:21:29,446 [Worker-25] INFO  o.e.m.c.i.embedder.EclipseLogger - skip non existing resourceDirectory D:\POMAppiumFramework\AppiumFramework\src\test\resources
2018-10-07 19:23:54,782 [Worker-23] INFO  o.e.m.c.i.embedder.EclipseLogger - Using 'UTF-8' encoding to copy filtered resources.
2018-10-07 19:23:54,782 [Worker-23] INFO  o.e.m.c.i.embedder.EclipseLogger - skip non existing resourceDirectory D:\POMAppiumFramework\AppiumFramework\src\main\resources
2018-10-07 19:23:54,782 [Worker-23] INFO  o.e.m.c.i.embedder.EclipseLogger - Using 'UTF-8' encoding to copy filtered resources.
2018-10-07 19:23:54,797 [Worker-23] INFO  o.e.m.c.i.embedder.EclipseLogger - skip non existing resourceDirectory D:\POMAppiumFramework\AppiumFramework\src\test\resources
2018-10-07 19:27:49,752 [Worker-19] INFO  o.e.m.c.i.embedder.EclipseLogger - Using 'UTF-8' encoding to copy filtered resources.
2018-10-07 19:27:49,752 [Worker-19] INFO  o.e.m.c.i.embedder.EclipseLogger - skip non existing resourceDirectory D:\POMAppiumFramework\AppiumFramework\src\main\resources
2018-10-07 19:27:49,767 [Worker-19] INFO  o.e.m.c.i.embedder.EclipseLogger - Using 'UTF-8' encoding to copy filtered resources.
2018-10-07 19:27:49,767 [Worker-19] INFO  o.e.m.c.i.embedder.EclipseLogger - skip non existing resourceDirectory D:\POMAppiumFramework\AppiumFramework\src\test\resources
2018-10-07 19:29:08,289 [Worker-2] INFO  o.e.m.c.i.embedder.EclipseLogger - Using 'UTF-8' encoding to copy filtered resources.
2018-10-07 19:29:08,290 [Worker-2] INFO  o.e.m.c.i.embedder.EclipseLogger - skip non existing resourceDirectory D:\POMAppiumFramework\AppiumFramework\src\main\resources
2018-10-07 19:29:08,293 [Worker-2] INFO  o.e.m.c.i.embedder.EclipseLogger - Using 'UTF-8' encoding to copy filtered resources.
2018-10-07 19:29:08,294 [Worker-2] INFO  o.e.m.c.i.embedder.EclipseLogger - skip non existing resourceDirectory D:\POMAppiumFramework\AppiumFramework\src\test\resources
2018-10-07 19:33:20,496 [Worker-14] INFO  o.e.m.c.i.embedder.EclipseLogger - Using 'UTF-8' encoding to copy filtered resources.
2018-10-07 19:33:20,512 [Worker-14] INFO  o.e.m.c.i.embedder.EclipseLogger - skip non existing resourceDirectory D:\POMAppiumFramework\AppiumFramework\src\main\resources
2018-10-07 19:33:20,512 [Worker-14] INFO  o.e.m.c.i.embedder.EclipseLogger - Using 'UTF-8' encoding to copy filtered resources.
2018-10-07 19:33:20,512 [Worker-14] INFO  o.e.m.c.i.embedder.EclipseLogger - skip non existing resourceDirectory D:\POMAppiumFramework\AppiumFramework\src\test\resources
2018-10-07 19:34:42,985 [Worker-25] INFO  o.e.m.c.i.embedder.EclipseLogger - Using 'UTF-8' encoding to copy filtered resources.
2018-10-07 19:34:42,985 [Worker-25] INFO  o.e.m.c.i.embedder.EclipseLogger - skip non existing resourceDirectory D:\POMAppiumFramework\AppiumFramework\src\main\resources
2018-10-07 19:34:42,985 [Worker-25] INFO  o.e.m.c.i.embedder.EclipseLogger - Using 'UTF-8' encoding to copy filtered resources.
2018-10-07 19:34:42,985 [Worker-25] INFO  o.e.m.c.i.embedder.EclipseLogger - skip non existing resourceDirectory D:\POMAppiumFramework\AppiumFramework\src\test\resources
2018-10-07 19:37:46,289 [Worker-28] INFO  o.e.m.c.i.embedder.EclipseLogger - Using 'UTF-8' encoding to copy filtered resources.
2018-10-07 19:37:46,289 [Worker-28] INFO  o.e.m.c.i.embedder.EclipseLogger - skip non existing resourceDirectory D:\POMAppiumFramework\AppiumFramework\src\main\resources
2018-10-07 19:37:46,305 [Worker-28] INFO  o.e.m.c.i.embedder.EclipseLogger - Using 'UTF-8' encoding to copy filtered resources.
2018-10-07 19:37:46,305 [Worker-28] INFO  o.e.m.c.i.embedder.EclipseLogger - skip non existing resourceDirectory D:\POMAppiumFramework\AppiumFramework\src\test\resources
2018-10-07 19:39:51,237 [Worker-5] INFO  o.e.m.c.i.embedder.EclipseLogger - Using 'UTF-8' encoding to copy filtered resources.
2018-10-07 19:39:51,237 [Worker-5] INFO  o.e.m.c.i.embedder.EclipseLogger - skip non existing resourceDirectory D:\POMAppiumFramework\AppiumFramework\src\main\resources
2018-10-07 19:39:51,252 [Worker-5] INFO  o.e.m.c.i.embedder.EclipseLogger - Using 'UTF-8' encoding to copy filtered resources.
2018-10-07 19:39:51,252 [Worker-5] INFO  o.e.m.c.i.embedder.EclipseLogger - skip non existing resourceDirectory D:\POMAppiumFramework\AppiumFramework\src\test\resources
